<?xml version="1.0" encoding="UTF-8" standalone="yes"?>
<testsuites name="AllTestUnits" tests="2" failures="0" errors="1" time="0.353404">
    <testsuite tests="2" failures="0" errors="1" time="0.353404" timestamp="2016-04-27T10:12:57GMT+08:00" name="Toplevel Test Suite">
        <testcase classname="JenkinsTests" name="testExample" time="0.008012">
            <failure type="Failure" message="expected: 1, got: 0">/Users/chenguoliang/Desktop/Jenkins/JenkinsTests/JenkinsTests.m:32</failure>
            <error type="Error"></error>
            <system-out>2016-04-27 10:12:57.065 Jenkins[4482:46409] /Users/chenguoliang/Desktop/Jenkins/JenkinsTests/JenkinsTests.m:32 expected: 1, got: 0
</system-out>
        </testcase>
        <testcase classname="JenkinsTests" name="testPerformanceExample" time="0.344081">
            <system-out>/Users/chenguoliang/Desktop/Jenkins/JenkinsTests/JenkinsTests.m:39: Test Case '-[JenkinsTests testPerformanceExample]' measured [Time, seconds] average: 0.000, relative standard deviation: 149.822%, values: [0.000010, 0.000001, 0.000001, 0.000001, 0.000001, 0.000001, 0.000001, 0.000001, 0.000001, 0.000001], performanceMetricID:com.apple.XCTPerformanceMetric_WallClockTime, baselineName: "", baselineAverage: , maxPercentRegression: 10.000%, maxPercentRelativeStandardDeviation: 10.000%, maxRegression: 0.100, maxStandardDeviation: 0.100
</system-out>
        </testcase>
    </testsuite>
</testsuites>